=======   CONFIG:  ('decom', 'char', 24, 'fastskip', 256, [], 85, 8)
=======   CONFIG:  ('decom', 'char', 24, 'fastskip', 256, [], 85, 8)
total iters per cycle(epoch): 1562
Train on 99915 samples, validate on 2562 samples
Epoch 1/85
 - 49s - loss: 0.9322 - binary_crossentropy: 0.5638 - acc: 0.8126 - val_loss: 0.4456 - val_binary_crossentropy: 0.4456 - val_acc: 0.8263
Epoch 2/85
 - 48s - loss: 0.7860 - binary_crossentropy: 0.5029 - acc: 0.8196 - val_loss: 0.4305 - val_binary_crossentropy: 0.4305 - val_acc: 0.8259
Epoch 3/85
 - 48s - loss: 0.7520 - binary_crossentropy: 0.4785 - acc: 0.8205 - val_loss: 0.4486 - val_binary_crossentropy: 0.4486 - val_acc: 0.8263
Epoch 4/85
 - 48s - loss: 0.7330 - binary_crossentropy: 0.4648 - acc: 0.8208 - val_loss: 0.4416 - val_binary_crossentropy: 0.4416 - val_acc: 0.8275
Epoch 5/85
 - 48s - loss: 0.7215 - binary_crossentropy: 0.4566 - acc: 0.8218 - val_loss: 0.4595 - val_binary_crossentropy: 0.4595 - val_acc: 0.8236
Epoch 6/85
 - 48s - loss: 0.7113 - binary_crossentropy: 0.4497 - acc: 0.8219 - val_loss: 0.4606 - val_binary_crossentropy: 0.4606 - val_acc: 0.8267
Epoch 7/85
 - 48s - loss: 0.7019 - binary_crossentropy: 0.4436 - acc: 0.8223 - val_loss: 0.4589 - val_binary_crossentropy: 0.4589 - val_acc: 0.8259
Epoch 8/85
 - 48s - loss: 0.6913 - binary_crossentropy: 0.4362 - acc: 0.8239 - val_loss: 0.4701 - val_binary_crossentropy: 0.4701 - val_acc: 0.8259
Epoch 9/85
 - 48s - loss: 0.6842 - binary_crossentropy: 0.4314 - acc: 0.8256 - val_loss: 0.4714 - val_binary_crossentropy: 0.4714 - val_acc: 0.8244
Epoch 10/85
 - 48s - loss: 0.6766 - binary_crossentropy: 0.4263 - acc: 0.8262 - val_loss: 0.4601 - val_binary_crossentropy: 0.4601 - val_acc: 0.8263