nohup: ignoring input
/usr/local/lib/python3.5/dist-packages/h5py/__init__.py:36: FutureWarning: Conversion of the second argument of issubdtype from `float` to `np.floating` is deprecated. In future, it will be treated as `np.float64 == np.dtype(float).type`.
  from ._conv import register_converters as _register_converters
Using TensorFlow backend.
INFO:starting loading embedding
INFO:loading Word2Vec object from ../model/char2vec_gensim256
DEBUG:{'mode': 'rb', 'uri': '../model/char2vec_gensim256', 'kw': {}}
INFO:loading wv recursively from ../model/char2vec_gensim256.wv.* with mmap=None
INFO:setting ignored attribute vectors_norm to None
INFO:loading vocabulary recursively from ../model/char2vec_gensim256.vocabulary.* with mmap=None
INFO:loading trainables recursively from ../model/char2vec_gensim256.trainables.* with mmap=None
INFO:setting ignored attribute cum_table to None
INFO:loaded ../model/char2vec_gensim256
INFO:loading Word2Vec object from ../model/word2vec_gensim256
DEBUG:{'mode': 'rb', 'uri': '../model/word2vec_gensim256', 'kw': {}}
INFO:loading wv recursively from ../model/word2vec_gensim256.wv.* with mmap=None
INFO:loading vectors from ../model/word2vec_gensim256.wv.vectors.npy with mmap=None
INFO:setting ignored attribute vectors_norm to None
INFO:loading vocabulary recursively from ../model/word2vec_gensim256.vocabulary.* with mmap=None
INFO:loading trainables recursively from ../model/word2vec_gensim256.trainables.* with mmap=None
INFO:loading syn1neg from ../model/word2vec_gensim256.trainables.syn1neg.npy with mmap=None
INFO:setting ignored attribute cum_table to None
INFO:loaded ../model/word2vec_gensim256
INFO:end loading embedding
2019-03-03 09:01:53.712568: I tensorflow/core/platform/cpu_feature_guard.cc:141] Your CPU supports instructions that this TensorFlow binary was not compiled to use: AVX2 FMA
2019-03-03 09:01:54.377940: I tensorflow/stream_executor/cuda/cuda_gpu_executor.cc:964] successful NUMA node read from SysFS had negative value (-1), but there must be at least one NUMA node, so returning NUMA node zero
2019-03-03 09:01:54.378422: I tensorflow/core/common_runtime/gpu/gpu_device.cc:1432] Found device 0 with properties: 
name: Tesla K80 major: 3 minor: 7 memoryClockRate(GHz): 0.8235
pciBusID: 0000:00:04.0
totalMemory: 11.17GiB freeMemory: 11.09GiB
2019-03-03 09:01:54.378467: I tensorflow/core/common_runtime/gpu/gpu_device.cc:1511] Adding visible gpu devices: 0
2019-03-03 09:02:09.360172: I tensorflow/core/common_runtime/gpu/gpu_device.cc:982] Device interconnect StreamExecutor with strength 1 edge matrix:
2019-03-03 09:02:09.360250: I tensorflow/core/common_runtime/gpu/gpu_device.cc:988]      0 
2019-03-03 09:02:09.360261: I tensorflow/core/common_runtime/gpu/gpu_device.cc:1001] 0:   N 
2019-03-03 09:02:09.360555: I tensorflow/core/common_runtime/gpu/gpu_device.cc:1115] Created TensorFlow device (/job:localhost/replica:0/task:0/device:GPU:0 with 10742 MB memory) -> physical GPU (device: 0, name: Tesla K80, pci bus id: 0000:00:04.0, compute capability: 3.7)
INFO:length of featured sentence is 102477
=======   CONFIG:  ('siamese', 'char', 24, 'gensim', 256, [100, 80, 64, 64], 97, 8)
=======   CONFIG:  ('siamese', 'char', 24, 'gensim', 256, [100, 80, 64, 64], 97, 8)
total iters per cycle(epoch): 1562
Train on 99915 samples, validate on 2562 samples
Epoch 1/97
 - 251s - loss: 19.9166 - binary_crossentropy: 0.6435 - acc: 0.8159 - val_loss: 0.8925 - val_binary_crossentropy: 0.5526 - val_acc: 0.8134
Epoch 2/97
 - 239s - loss: 1.8487 - binary_crossentropy: 0.6223 - acc: 0.8163 - val_loss: 0.7760 - val_binary_crossentropy: 0.5092 - val_acc: 0.8177
Epoch 3/97
 - 238s - loss: 1.7035 - binary_crossentropy: 0.6084 - acc: 0.8169 - val_loss: 0.7741 - val_binary_crossentropy: 0.5443 - val_acc: 0.8173
Epoch 4/97
 - 238s - loss: 1.6010 - binary_crossentropy: 0.5942 - acc: 0.8175 - val_loss: 0.7541 - val_binary_crossentropy: 0.5367 - val_acc: 0.8165
Epoch 5/97
 - 237s - loss: 1.5886 - binary_crossentropy: 0.5926 - acc: 0.8175 - val_loss: 0.7212 - val_binary_crossentropy: 0.5146 - val_acc: 0.8165
Epoch 6/97
 - 238s - loss: 1.5767 - binary_crossentropy: 0.5892 - acc: 0.8177 - val_loss: 0.7103 - val_binary_crossentropy: 0.5096 - val_acc: 0.8185
Epoch 7/97
 - 240s - loss: 1.5398 - binary_crossentropy: 0.5816 - acc: 0.8176 - val_loss: 0.7014 - val_binary_crossentropy: 0.5149 - val_acc: 0.8181
Epoch 8/97
 - 243s - loss: 1.5166 - binary_crossentropy: 0.5786 - acc: 0.8178 - val_loss: 0.6935 - val_binary_crossentropy: 0.5131 - val_acc: 0.8181
Epoch 9/97
 - 243s - loss: 1.5078 - binary_crossentropy: 0.5776 - acc: 0.8178 - val_loss: 0.6809 - val_binary_crossentropy: 0.5024 - val_acc: 0.8173
Epoch 10/97
 - 242s - loss: 1.5050 - binary_crossentropy: 0.5725 - acc: 0.8177 - val_loss: 0.7071 - val_binary_crossentropy: 0.5291 - val_acc: 0.8181
Epoch 11/97
 - 243s - loss: 1.5075 - binary_crossentropy: 0.5723 - acc: 0.8177 - val_loss: 0.7145 - val_binary_crossentropy: 0.5280 - val_acc: 0.8181
Epoch 12/97
 - 243s - loss: 1.5104 - binary_crossentropy: 0.5730 - acc: 0.8177 - val_loss: 0.6940 - val_binary_crossentropy: 0.5113 - val_acc: 0.8162
Epoch 13/97
 - 243s - loss: 1.4928 - binary_crossentropy: 0.5678 - acc: 0.8177 - val_loss: 0.7124 - val_binary_crossentropy: 0.5341 - val_acc: 0.8177
Epoch 14/97
 - 244s - loss: 1.4957 - binary_crossentropy: 0.5685 - acc: 0.8177 - val_loss: 0.6914 - val_binary_crossentropy: 0.5160 - val_acc: 0.8185
Epoch 15/97
 - 242s - loss: 1.4710 - binary_crossentropy: 0.5658 - acc: 0.8176 - val_loss: 0.6930 - val_binary_crossentropy: 0.5229 - val_acc: 0.8185
Epoch 16/97
 - 243s - loss: 1.5078 - binary_crossentropy: 0.5659 - acc: 0.8177 - val_loss: 0.7090 - val_binary_crossentropy: 0.5241 - val_acc: 0.8185
Epoch 17/97
 - 239s - loss: 1.4906 - binary_crossentropy: 0.5634 - acc: 0.8177 - val_loss: 0.7218 - val_binary_crossentropy: 0.5206 - val_acc: 0.8197
timer stopping
