nohup: ignoring input
/usr/local/lib/python3.5/dist-packages/h5py/__init__.py:36: FutureWarning: Conversion of the second argument of issubdtype from `float` to `np.floating` is deprecated. In future, it will be treated as `np.float64 == np.dtype(float).type`.
  from ._conv import register_converters as _register_converters
Using TensorFlow backend.
INFO:starting loading embedding
INFO:loading Word2Vec object from ../model/char2vec_gensim256
DEBUG:{'uri': '../model/char2vec_gensim256', 'kw': {}, 'mode': 'rb'}
INFO:loading wv recursively from ../model/char2vec_gensim256.wv.* with mmap=None
INFO:setting ignored attribute vectors_norm to None
INFO:loading vocabulary recursively from ../model/char2vec_gensim256.vocabulary.* with mmap=None
INFO:loading trainables recursively from ../model/char2vec_gensim256.trainables.* with mmap=None
INFO:setting ignored attribute cum_table to None
INFO:loaded ../model/char2vec_gensim256
INFO:loading Word2Vec object from ../model/word2vec_gensim256
DEBUG:{'uri': '../model/word2vec_gensim256', 'kw': {}, 'mode': 'rb'}
INFO:loading wv recursively from ../model/word2vec_gensim256.wv.* with mmap=None
INFO:loading vectors from ../model/word2vec_gensim256.wv.vectors.npy with mmap=None
INFO:setting ignored attribute vectors_norm to None
INFO:loading vocabulary recursively from ../model/word2vec_gensim256.vocabulary.* with mmap=None
INFO:loading trainables recursively from ../model/word2vec_gensim256.trainables.* with mmap=None
INFO:loading syn1neg from ../model/word2vec_gensim256.trainables.syn1neg.npy with mmap=None
INFO:setting ignored attribute cum_table to None
INFO:loaded ../model/word2vec_gensim256
INFO:end loading embedding
2019-03-03 14:13:22.568256: I tensorflow/core/platform/cpu_feature_guard.cc:141] Your CPU supports instructions that this TensorFlow binary was not compiled to use: AVX2 FMA
2019-03-03 14:13:22.752875: I tensorflow/stream_executor/cuda/cuda_gpu_executor.cc:964] successful NUMA node read from SysFS had negative value (-1), but there must be at least one NUMA node, so returning NUMA node zero
2019-03-03 14:13:22.753401: I tensorflow/core/common_runtime/gpu/gpu_device.cc:1432] Found device 0 with properties: 
name: Tesla K80 major: 3 minor: 7 memoryClockRate(GHz): 0.8235
pciBusID: 0000:00:04.0
totalMemory: 11.17GiB freeMemory: 11.09GiB
2019-03-03 14:13:22.753457: I tensorflow/core/common_runtime/gpu/gpu_device.cc:1511] Adding visible gpu devices: 0
2019-03-03 14:13:23.076613: I tensorflow/core/common_runtime/gpu/gpu_device.cc:982] Device interconnect StreamExecutor with strength 1 edge matrix:
2019-03-03 14:13:23.076700: I tensorflow/core/common_runtime/gpu/gpu_device.cc:988]      0 
2019-03-03 14:13:23.076713: I tensorflow/core/common_runtime/gpu/gpu_device.cc:1001] 0:   N 
2019-03-03 14:13:23.077122: I tensorflow/core/common_runtime/gpu/gpu_device.cc:1115] Created TensorFlow device (/job:localhost/replica:0/task:0/device:GPU:0 with 10742 MB memory) -> physical GPU (device: 0, name: Tesla K80, pci bus id: 0000:00:04.0, compute capability: 3.7)
start 1 model train
=======   CONFIG:  ('siamese', 'char', 24, 'gensim', 256, [100, 80, 64, 64], 97, 8)
=======   CONFIG:  ('siamese', 'char', 24, 'gensim', 256, [100, 80, 64, 64], 97, 8)
total iters per cycle(epoch): 1562
Train on 99915 samples, validate on 2562 samples
Epoch 1/97
 - 248s - loss: 19.8590 - binary_crossentropy: 0.6394 - acc: 0.8157 - val_loss: 0.8654 - val_binary_crossentropy: 0.5121 - val_acc: 0.8181
Epoch 2/97
 - 244s - loss: 1.8468 - binary_crossentropy: 0.6168 - acc: 0.8168 - val_loss: 0.8028 - val_binary_crossentropy: 0.5177 - val_acc: 0.8177
Epoch 3/97
 - 244s - loss: 1.6658 - binary_crossentropy: 0.5990 - acc: 0.8173 - val_loss: 0.7383 - val_binary_crossentropy: 0.5206 - val_acc: 0.8173
Epoch 4/97
 - 244s - loss: 1.5959 - binary_crossentropy: 0.5907 - acc: 0.8176 - val_loss: 0.7315 - val_binary_crossentropy: 0.5211 - val_acc: 0.8177
Epoch 5/97
 - 244s - loss: 1.5553 - binary_crossentropy: 0.5873 - acc: 0.8177 - val_loss: 0.7084 - val_binary_crossentropy: 0.5020 - val_acc: 0.8181
Epoch 6/97
 - 244s - loss: 1.5521 - binary_crossentropy: 0.5843 - acc: 0.8176 - val_loss: 0.7133 - val_binary_crossentropy: 0.5174 - val_acc: 0.8173
Epoch 7/97
 - 244s - loss: 1.5370 - binary_crossentropy: 0.5828 - acc: 0.8177 - val_loss: 0.7110 - val_binary_crossentropy: 0.5269 - val_acc: 0.8169
Epoch 8/97
 - 243s - loss: 1.5209 - binary_crossentropy: 0.5789 - acc: 0.8177 - val_loss: 0.7064 - val_binary_crossentropy: 0.5201 - val_acc: 0.8169
Epoch 9/97
 - 243s - loss: 1.5070 - binary_crossentropy: 0.5766 - acc: 0.8177 - val_loss: 0.6937 - val_binary_crossentropy: 0.5174 - val_acc: 0.8181
Epoch 10/97
 - 244s - loss: 1.5043 - binary_crossentropy: 0.5749 - acc: 0.8177 - val_loss: 0.6998 - val_binary_crossentropy: 0.5235 - val_acc: 0.8169
Epoch 11/97
 - 244s - loss: 1.5180 - binary_crossentropy: 0.5740 - acc: 0.8177 - val_loss: 0.7074 - val_binary_crossentropy: 0.5138 - val_acc: 0.8169
Epoch 12/97
 - 244s - loss: 1.5330 - binary_crossentropy: 0.5731 - acc: 0.8177 - val_loss: 0.6989 - val_binary_crossentropy: 0.5054 - val_acc: 0.8177
Epoch 13/97
 - 244s - loss: 1.5210 - binary_crossentropy: 0.5704 - acc: 0.8177 - val_loss: 0.7020 - val_binary_crossentropy: 0.5283 - val_acc: 0.8169
Epoch 14/97
 - 244s - loss: 1.4828 - binary_crossentropy: 0.5686 - acc: 0.8177 - val_loss: 0.6571 - val_binary_crossentropy: 0.4841 - val_acc: 0.8177
Epoch 15/97
 - 244s - loss: 1.4702 - binary_crossentropy: 0.5658 - acc: 0.8177 - val_loss: 0.7171 - val_binary_crossentropy: 0.5428 - val_acc: 0.8185
Epoch 16/97
 - 244s - loss: 1.4795 - binary_crossentropy: 0.5666 - acc: 0.8177 - val_loss: 0.6704 - val_binary_crossentropy: 0.5036 - val_acc: 0.8185
Epoch 17/97
 - 244s - loss: 1.4526 - binary_crossentropy: 0.5644 - acc: 0.8177 - val_loss: 0.6622 - val_binary_crossentropy: 0.4996 - val_acc: 0.8177
Epoch 18/97
 - 242s - loss: 1.4518 - binary_crossentropy: 0.5624 - acc: 0.8177 - val_loss: 0.6764 - val_binary_crossentropy: 0.5101 - val_acc: 0.8173
Epoch 19/97
 - 245s - loss: 1.4450 - binary_crossentropy: 0.5622 - acc: 0.8177 - val_loss: 0.6667 - val_binary_crossentropy: 0.5029 - val_acc: 0.8177
Epoch 20/97
 - 245s - loss: 1.4523 - binary_crossentropy: 0.5609 - acc: 0.8177 - val_loss: 0.6762 - val_binary_crossentropy: 0.5085 - val_acc: 0.8185
Epoch 21/97
 - 244s - loss: 1.4540 - binary_crossentropy: 0.5596 - acc: 0.8177 - val_loss: 0.6819 - val_binary_crossentropy: 0.5171 - val_acc: 0.8173
Epoch 22/97
 - 244s - loss: 1.4580 - binary_crossentropy: 0.5616 - acc: 0.8177 - val_loss: 0.6865 - val_binary_crossentropy: 0.5214 - val_acc: 0.8177
2019-03-03 15:43:13.111147: I tensorflow/core/common_runtime/gpu/gpu_device.cc:1511] Adding visible gpu devices: 0
2019-03-03 15:43:13.111239: I tensorflow/core/common_runtime/gpu/gpu_device.cc:982] Device interconnect StreamExecutor with strength 1 edge matrix:
2019-03-03 15:43:13.111253: I tensorflow/core/common_runtime/gpu/gpu_device.cc:988]      0 
2019-03-03 15:43:13.111260: I tensorflow/core/common_runtime/gpu/gpu_device.cc:1001] 0:   N 
2019-03-03 15:43:13.111445: I tensorflow/core/common_runtime/gpu/gpu_device.cc:1115] Created TensorFlow device (/job:localhost/replica:0/task:0/device:GPU:0 with 10742 MB memory) -> physical GPU (device: 0, name: Tesla K80, pci bus id: 0000:00:04.0, compute capability: 3.7)
2019-03-03 15:43:13.454606: W tensorflow/core/framework/allocator.cc:122] Allocation of 494334976 exceeds 10% of system memory.
2019-03-03 15:43:13.826021: W tensorflow/core/framework/allocator.cc:122] Allocation of 494334976 exceeds 10% of system memory.
2019-03-03 15:43:16.556676: W tensorflow/core/framework/allocator.cc:122] Allocation of 494334976 exceeds 10% of system memory.
2019-03-03 15:43:16.955352: W tensorflow/core/framework/allocator.cc:122] Allocation of 494334976 exceeds 10% of system memory.
2019-03-03 15:43:25.792876: W tensorflow/core/framework/allocator.cc:122] Allocation of 494334976 exceeds 10% of system memory.
start 2 model train
=======   CONFIG:  ('siamese', 'word', 20, 'gensim', 256, [100, 80, 64, 64], 116, 8)
=======   CONFIG:  ('siamese', 'word', 20, 'gensim', 256, [100, 80, 64, 64], 116, 8)
total iters per cycle(epoch): 1562
Train on 99915 samples, validate on 2562 samples
Epoch 1/116
 - 375s - loss: 19.7416 - binary_crossentropy: 0.6537 - acc: 0.8149 - val_loss: 0.8754 - val_binary_crossentropy: 0.5498 - val_acc: 0.8146
Epoch 2/116
 - 372s - loss: 1.8166 - binary_crossentropy: 0.6387 - acc: 0.8159 - val_loss: 0.7816 - val_binary_crossentropy: 0.5236 - val_acc: 0.8115
Epoch 3/116
 - 370s - loss: 1.7822 - binary_crossentropy: 0.6312 - acc: 0.8159 - val_loss: 0.7799 - val_binary_crossentropy: 0.5336 - val_acc: 0.8130
Epoch 4/116
 - 369s - loss: 1.7272 - binary_crossentropy: 0.6231 - acc: 0.8164 - val_loss: 0.7653 - val_binary_crossentropy: 0.5284 - val_acc: 0.8115
Epoch 5/116
 - 368s - loss: 1.6704 - binary_crossentropy: 0.6161 - acc: 0.8163 - val_loss: 0.7804 - val_binary_crossentropy: 0.5556 - val_acc: 0.8146
Epoch 6/116
 - 367s - loss: 1.5884 - binary_crossentropy: 0.6075 - acc: 0.8170 - val_loss: 0.7042 - val_binary_crossentropy: 0.5068 - val_acc: 0.8177
Epoch 7/116
 - 368s - loss: 1.5501 - binary_crossentropy: 0.6008 - acc: 0.8174 - val_loss: 0.6819 - val_binary_crossentropy: 0.4996 - val_acc: 0.8169
Epoch 8/116
 - 368s - loss: 1.5244 - binary_crossentropy: 0.5947 - acc: 0.8176 - val_loss: 0.6828 - val_binary_crossentropy: 0.5004 - val_acc: 0.8138
Epoch 9/116
 - 368s - loss: 1.5225 - binary_crossentropy: 0.5944 - acc: 0.8174 - val_loss: 0.6877 - val_binary_crossentropy: 0.5070 - val_acc: 0.8158
Epoch 10/116
 - 368s - loss: 1.5047 - binary_crossentropy: 0.5897 - acc: 0.8176 - val_loss: 0.6993 - val_binary_crossentropy: 0.5251 - val_acc: 0.8154
Epoch 11/116
 - 368s - loss: 1.5070 - binary_crossentropy: 0.5874 - acc: 0.8175 - val_loss: 0.7204 - val_binary_crossentropy: 0.5443 - val_acc: 0.8154
Epoch 12/116
 - 368s - loss: 1.5070 - binary_crossentropy: 0.5863 - acc: 0.8176 - val_loss: 0.6900 - val_binary_crossentropy: 0.5178 - val_acc: 0.8177
Epoch 13/116
 - 368s - loss: 1.4951 - binary_crossentropy: 0.5823 - acc: 0.8176 - val_loss: 0.6854 - val_binary_crossentropy: 0.5121 - val_acc: 0.8177
Epoch 14/116
 - 368s - loss: 1.4894 - binary_crossentropy: 0.5796 - acc: 0.8178 - val_loss: 0.6769 - val_binary_crossentropy: 0.5079 - val_acc: 0.8181
Epoch 15/116
 - 368s - loss: 1.4742 - binary_crossentropy: 0.5772 - acc: 0.8177 - val_loss: 0.6807 - val_binary_crossentropy: 0.5163 - val_acc: 0.8181
Epoch 16/116
 - 368s - loss: 1.4541 - binary_crossentropy: 0.5738 - acc: 0.8177 - val_loss: 0.6747 - val_binary_crossentropy: 0.5127 - val_acc: 0.8165
Epoch 17/116
 - 368s - loss: 1.4434 - binary_crossentropy: 0.5708 - acc: 0.8177 - val_loss: 0.6649 - val_binary_crossentropy: 0.5031 - val_acc: 0.8177
Epoch 18/116
 - 368s - loss: 1.4425 - binary_crossentropy: 0.5685 - acc: 0.8177 - val_loss: 0.6523 - val_binary_crossentropy: 0.4891 - val_acc: 0.8197
Epoch 19/116
 - 368s - loss: 1.4394 - binary_crossentropy: 0.5682 - acc: 0.8177 - val_loss: 0.6620 - val_binary_crossentropy: 0.5039 - val_acc: 0.8193
Epoch 20/116
 - 368s - loss: 1.4281 - binary_crossentropy: 0.5646 - acc: 0.8177 - val_loss: 0.6595 - val_binary_crossentropy: 0.5010 - val_acc: 0.8189
Epoch 21/116
 - 368s - loss: 1.4244 - binary_crossentropy: 0.5631 - acc: 0.8177 - val_loss: 0.6525 - val_binary_crossentropy: 0.4914 - val_acc: 0.8181
Epoch 22/116
 - 368s - loss: 1.4173 - binary_crossentropy: 0.5629 - acc: 0.8177 - val_loss: 0.6536 - val_binary_crossentropy: 0.4995 - val_acc: 0.8193
Epoch 23/116
 - 367s - loss: 1.4153 - binary_crossentropy: 0.5582 - acc: 0.8177 - val_loss: 0.6611 - val_binary_crossentropy: 0.5059 - val_acc: 0.8185
Epoch 24/116
 - 368s - loss: 1.4134 - binary_crossentropy: 0.5578 - acc: 0.8177 - val_loss: 0.6550 - val_binary_crossentropy: 0.4939 - val_acc: 0.8185
Epoch 25/116
 - 368s - loss: 1.4086 - binary_crossentropy: 0.5558 - acc: 0.8177 - val_loss: 0.6791 - val_binary_crossentropy: 0.5220 - val_acc: 0.8165
Epoch 26/116
 - 368s - loss: 1.3982 - binary_crossentropy: 0.5526 - acc: 0.8177 - val_loss: 0.6448 - val_binary_crossentropy: 0.4915 - val_acc: 0.8185
Epoch 27/116
 - 370s - loss: 1.3975 - binary_crossentropy: 0.5526 - acc: 0.8177 - val_loss: 0.6469 - val_binary_crossentropy: 0.4948 - val_acc: 0.8185
Epoch 28/116
 - 370s - loss: 1.3999 - binary_crossentropy: 0.5501 - acc: 0.8177 - val_loss: 0.6529 - val_binary_crossentropy: 0.4984 - val_acc: 0.8189
Epoch 29/116
 - 370s - loss: 1.3970 - binary_crossentropy: 0.5493 - acc: 0.8177 - val_loss: 0.6519 - val_binary_crossentropy: 0.4974 - val_acc: 0.8181
Epoch 30/116
 - 370s - loss: 1.3962 - binary_crossentropy: 0.5463 - acc: 0.8177 - val_loss: 0.6717 - val_binary_crossentropy: 0.5149 - val_acc: 0.8177
Epoch 31/116
 - 370s - loss: 1.4042 - binary_crossentropy: 0.5462 - acc: 0.8177 - val_loss: 0.6479 - val_binary_crossentropy: 0.4913 - val_acc: 0.8173
Epoch 32/116
 - 370s - loss: 1.3967 - binary_crossentropy: 0.5424 - acc: 0.8177 - val_loss: 0.6631 - val_binary_crossentropy: 0.5042 - val_acc: 0.8177
Epoch 33/116
 - 370s - loss: 1.3957 - binary_crossentropy: 0.5404 - acc: 0.8177 - val_loss: 0.6643 - val_binary_crossentropy: 0.5097 - val_acc: 0.8177
Epoch 34/116
 - 370s - loss: 1.3944 - binary_crossentropy: 0.5400 - acc: 0.8177 - val_loss: 0.6461 - val_binary_crossentropy: 0.4911 - val_acc: 0.8177
2019-03-03 19:14:00.120700: I tensorflow/core/common_runtime/gpu/gpu_device.cc:1511] Adding visible gpu devices: 0
2019-03-03 19:14:00.120810: I tensorflow/core/common_runtime/gpu/gpu_device.cc:982] Device interconnect StreamExecutor with strength 1 edge matrix:
2019-03-03 19:14:00.120825: I tensorflow/core/common_runtime/gpu/gpu_device.cc:988]      0 
2019-03-03 19:14:00.120833: I tensorflow/core/common_runtime/gpu/gpu_device.cc:1001] 0:   N 
2019-03-03 19:14:00.121062: I tensorflow/core/common_runtime/gpu/gpu_device.cc:1115] Created TensorFlow device (/job:localhost/replica:0/task:0/device:GPU:0 with 10742 MB memory) -> physical GPU (device: 0, name: Tesla K80, pci bus id: 0000:00:04.0, compute capability: 3.7)
start 3 model train
=======   CONFIG:  ('esim', 'char', 24, 'gensim', 256, [], 18, 8)
=======   CONFIG:  ('esim', 'char', 24, 'gensim', 256, [], 18, 8)
total iters per cycle(epoch): 1562
Train on 99915 samples, validate on 2562 samples
Epoch 1/18
 - 263s - loss: 1.2359 - binary_crossentropy: 0.5997 - acc: 0.7915 - val_loss: 0.5225 - val_binary_crossentropy: 0.5225 - val_acc: 0.8162
Epoch 2/18
 - 258s - loss: 0.7927 - binary_crossentropy: 0.5006 - acc: 0.8199 - val_loss: 0.4541 - val_binary_crossentropy: 0.4541 - val_acc: 0.8185
Epoch 3/18
 - 257s - loss: 0.7254 - binary_crossentropy: 0.4559 - acc: 0.8224 - val_loss: 0.4445 - val_binary_crossentropy: 0.4445 - val_acc: 0.8220
Epoch 4/18
 - 256s - loss: 0.6833 - binary_crossentropy: 0.4276 - acc: 0.8252 - val_loss: 0.4335 - val_binary_crossentropy: 0.4335 - val_acc: 0.8275
Epoch 5/18
 - 256s - loss: 0.6529 - binary_crossentropy: 0.4063 - acc: 0.8297 - val_loss: 0.4266 - val_binary_crossentropy: 0.4266 - val_acc: 0.8298
Epoch 6/18
 - 256s - loss: 0.6165 - binary_crossentropy: 0.3800 - acc: 0.8363 - val_loss: 0.4261 - val_binary_crossentropy: 0.4261 - val_acc: 0.8310
Epoch 7/18
 - 256s - loss: 0.5691 - binary_crossentropy: 0.3473 - acc: 0.8507 - val_loss: 0.4303 - val_binary_crossentropy: 0.4303 - val_acc: 0.8368
Epoch 8/18
 - 256s - loss: 0.5203 - binary_crossentropy: 0.3151 - acc: 0.8684 - val_loss: 0.4445 - val_binary_crossentropy: 0.4445 - val_acc: 0.8427
Epoch 9/18
 - 258s - loss: 0.4612 - binary_crossentropy: 0.2757 - acc: 0.8888 - val_loss: 0.4685 - val_binary_crossentropy: 0.4685 - val_acc: 0.8454
Epoch 10/18
 - 256s - loss: 0.4090 - binary_crossentropy: 0.2437 - acc: 0.9042 - val_loss: 0.4948 - val_binary_crossentropy: 0.4948 - val_acc: 0.8462
Epoch 11/18
 - 256s - loss: 0.3624 - binary_crossentropy: 0.2150 - acc: 0.9177 - val_loss: 0.5176 - val_binary_crossentropy: 0.5176 - val_acc: 0.8466
Epoch 12/18
 - 256s - loss: 0.3181 - binary_crossentropy: 0.1871 - acc: 0.9293 - val_loss: 0.5489 - val_binary_crossentropy: 0.5489 - val_acc: 0.8423
Epoch 13/18
 - 257s - loss: 0.2778 - binary_crossentropy: 0.1622 - acc: 0.9395 - val_loss: 0.5856 - val_binary_crossentropy: 0.5856 - val_acc: 0.8423
Epoch 14/18
 - 257s - loss: 0.2384 - binary_crossentropy: 0.1396 - acc: 0.9487 - val_loss: 0.6175 - val_binary_crossentropy: 0.6175 - val_acc: 0.8450
2019-03-03 20:14:16.726475: I tensorflow/core/common_runtime/gpu/gpu_device.cc:1511] Adding visible gpu devices: 0
2019-03-03 20:14:16.726577: I tensorflow/core/common_runtime/gpu/gpu_device.cc:982] Device interconnect StreamExecutor with strength 1 edge matrix:
2019-03-03 20:14:16.726589: I tensorflow/core/common_runtime/gpu/gpu_device.cc:988]      0 
2019-03-03 20:14:16.726596: I tensorflow/core/common_runtime/gpu/gpu_device.cc:1001] 0:   N 
2019-03-03 20:14:16.726765: I tensorflow/core/common_runtime/gpu/gpu_device.cc:1115] Created TensorFlow device (/job:localhost/replica:0/task:0/device:GPU:0 with 10742 MB memory) -> physical GPU (device: 0, name: Tesla K80, pci bus id: 0000:00:04.0, compute capability: 3.7)
start 4 model train
=======   CONFIG:  ('esim', 'word', 20, 'gensim', 256, [], 21, 8)
=======   CONFIG:  ('esim', 'word', 20, 'gensim', 256, [], 21, 8)
total iters per cycle(epoch): 1562
Train on 99915 samples, validate on 2562 samples
Epoch 1/21
 - 428s - loss: 1.2846 - binary_crossentropy: 0.6318 - acc: 0.7893 - val_loss: 0.5673 - val_binary_crossentropy: 0.5673 - val_acc: 0.8162
Epoch 2/21
 - 425s - loss: 0.8417 - binary_crossentropy: 0.5370 - acc: 0.8181 - val_loss: 0.5089 - val_binary_crossentropy: 0.5089 - val_acc: 0.8162
Epoch 3/21
 - 425s - loss: 0.7653 - binary_crossentropy: 0.4855 - acc: 0.8192 - val_loss: 0.4722 - val_binary_crossentropy: 0.4722 - val_acc: 0.8162
Epoch 4/21
 - 424s - loss: 0.7214 - binary_crossentropy: 0.4552 - acc: 0.8212 - val_loss: 0.4873 - val_binary_crossentropy: 0.4873 - val_acc: 0.8181
Epoch 5/21
 - 426s - loss: 0.6808 - binary_crossentropy: 0.4263 - acc: 0.8247 - val_loss: 0.4788 - val_binary_crossentropy: 0.4788 - val_acc: 0.8228
Epoch 6/21
 - 425s - loss: 0.6411 - binary_crossentropy: 0.3977 - acc: 0.8325 - val_loss: 0.4808 - val_binary_crossentropy: 0.4808 - val_acc: 0.8216
Epoch 7/21
 - 425s - loss: 0.5983 - binary_crossentropy: 0.3676 - acc: 0.8424 - val_loss: 0.5051 - val_binary_crossentropy: 0.5051 - val_acc: 0.8290
Epoch 8/21
 - 425s - loss: 0.5525 - binary_crossentropy: 0.3368 - acc: 0.8580 - val_loss: 0.4898 - val_binary_crossentropy: 0.4898 - val_acc: 0.8349
Epoch 9/21
 - 426s - loss: 0.4997 - binary_crossentropy: 0.3010 - acc: 0.8759 - val_loss: 0.5282 - val_binary_crossentropy: 0.5282 - val_acc: 0.8318
Epoch 10/21
 - 424s - loss: 0.4439 - binary_crossentropy: 0.2664 - acc: 0.8938 - val_loss: 0.5300 - val_binary_crossentropy: 0.5300 - val_acc: 0.8380
Epoch 11/21
 - 425s - loss: 0.3913 - binary_crossentropy: 0.2335 - acc: 0.9097 - val_loss: 0.5659 - val_binary_crossentropy: 0.5659 - val_acc: 0.8365
2019-03-03 21:33:03.154238: I tensorflow/core/common_runtime/gpu/gpu_device.cc:1511] Adding visible gpu devices: 0
2019-03-03 21:33:03.154352: I tensorflow/core/common_runtime/gpu/gpu_device.cc:982] Device interconnect StreamExecutor with strength 1 edge matrix:
2019-03-03 21:33:03.154365: I tensorflow/core/common_runtime/gpu/gpu_device.cc:988]      0 
2019-03-03 21:33:03.154373: I tensorflow/core/common_runtime/gpu/gpu_device.cc:1001] 0:   N 
2019-03-03 21:33:03.154538: I tensorflow/core/common_runtime/gpu/gpu_device.cc:1115] Created TensorFlow device (/job:localhost/replica:0/task:0/device:GPU:0 with 10742 MB memory) -> physical GPU (device: 0, name: Tesla K80, pci bus id: 0000:00:04.0, compute capability: 3.7)
start 5 model train
=======   CONFIG:  ('decom', 'char', 24, 'gensim', 256, [], 85, 8)
=======   CONFIG:  ('decom', 'char', 24, 'gensim', 256, [], 85, 8)
total iters per cycle(epoch): 1562
Train on 99915 samples, validate on 2562 samples
Epoch 1/85
 - 50s - loss: 0.9064 - binary_crossentropy: 0.5634 - acc: 0.8152 - val_loss: 0.4173 - val_binary_crossentropy: 0.4173 - val_acc: 0.8251
Epoch 2/85
 - 48s - loss: 0.8148 - binary_crossentropy: 0.5250 - acc: 0.8184 - val_loss: 0.4443 - val_binary_crossentropy: 0.4443 - val_acc: 0.8162
Epoch 3/85
 - 48s - loss: 0.8027 - binary_crossentropy: 0.5166 - acc: 0.8184 - val_loss: 0.4362 - val_binary_crossentropy: 0.4362 - val_acc: 0.8185
Epoch 4/85
 - 48s - loss: 0.7956 - binary_crossentropy: 0.5115 - acc: 0.8184 - val_loss: 0.4647 - val_binary_crossentropy: 0.4647 - val_acc: 0.8205
Epoch 5/85
 - 48s - loss: 0.7896 - binary_crossentropy: 0.5083 - acc: 0.8184 - val_loss: 0.4467 - val_binary_crossentropy: 0.4467 - val_acc: 0.8197
Epoch 6/85
 - 48s - loss: 0.7789 - binary_crossentropy: 0.5003 - acc: 0.8187 - val_loss: 0.4778 - val_binary_crossentropy: 0.4778 - val_acc: 0.8212
Epoch 7/85
 - 48s - loss: 0.7781 - binary_crossentropy: 0.5004 - acc: 0.8186 - val_loss: 0.4675 - val_binary_crossentropy: 0.4675 - val_acc: 0.8185
Epoch 8/85
 - 48s - loss: 0.7709 - binary_crossentropy: 0.4959 - acc: 0.8187 - val_loss: 0.4601 - val_binary_crossentropy: 0.4601 - val_acc: 0.8189
Epoch 9/85
 - 48s - loss: 0.7658 - binary_crossentropy: 0.4927 - acc: 0.8192 - val_loss: 0.4447 - val_binary_crossentropy: 0.4447 - val_acc: 0.8216
2019-03-03 21:40:25.843268: I tensorflow/core/common_runtime/gpu/gpu_device.cc:1511] Adding visible gpu devices: 0
2019-03-03 21:40:25.843375: I tensorflow/core/common_runtime/gpu/gpu_device.cc:982] Device interconnect StreamExecutor with strength 1 edge matrix:
2019-03-03 21:40:25.843389: I tensorflow/core/common_runtime/gpu/gpu_device.cc:988]      0 
2019-03-03 21:40:25.843398: I tensorflow/core/common_runtime/gpu/gpu_device.cc:1001] 0:   N 
2019-03-03 21:40:25.843606: I tensorflow/core/common_runtime/gpu/gpu_device.cc:1115] Created TensorFlow device (/job:localhost/replica:0/task:0/device:GPU:0 with 10742 MB memory) -> physical GPU (device: 0, name: Tesla K80, pci bus id: 0000:00:04.0, compute capability: 3.7)
start 6 model train
=======   CONFIG:  ('decom', 'word', 20, 'gensim', 256, [], 100, 8)
=======   CONFIG:  ('decom', 'word', 20, 'gensim', 256, [], 100, 8)
total iters per cycle(epoch): 1562
Train on 99915 samples, validate on 2562 samples
Epoch 1/100
 - 250s - loss: 0.9893 - binary_crossentropy: 0.5985 - acc: 0.8102 - val_loss: 0.4429 - val_binary_crossentropy: 0.4429 - val_acc: 0.8201
Epoch 2/100
 - 248s - loss: 0.8469 - binary_crossentropy: 0.5484 - acc: 0.8181 - val_loss: 0.4807 - val_binary_crossentropy: 0.4807 - val_acc: 0.8162
Epoch 3/100
 - 248s - loss: 0.8243 - binary_crossentropy: 0.5325 - acc: 0.8179 - val_loss: 0.4549 - val_binary_crossentropy: 0.4549 - val_acc: 0.8162
Epoch 4/100
 - 248s - loss: 0.8124 - binary_crossentropy: 0.5240 - acc: 0.8178 - val_loss: 0.5009 - val_binary_crossentropy: 0.5009 - val_acc: 0.8162
Epoch 5/100
 - 248s - loss: 0.8112 - binary_crossentropy: 0.5237 - acc: 0.8178 - val_loss: 0.5409 - val_binary_crossentropy: 0.5409 - val_acc: 0.8162
Epoch 6/100
 - 248s - loss: 0.7847 - binary_crossentropy: 0.5048 - acc: 0.8181 - val_loss: 0.5136 - val_binary_crossentropy: 0.5136 - val_acc: 0.8162
Epoch 7/100
 - 248s - loss: 0.7663 - binary_crossentropy: 0.4915 - acc: 0.8187 - val_loss: 0.4931 - val_binary_crossentropy: 0.4931 - val_acc: 0.8162
Epoch 8/100
 - 248s - loss: 0.7531 - binary_crossentropy: 0.4822 - acc: 0.8189 - val_loss: 0.5293 - val_binary_crossentropy: 0.5293 - val_acc: 0.8169
Epoch 9/100
 - 248s - loss: 0.7475 - binary_crossentropy: 0.4789 - acc: 0.8191 - val_loss: 0.5374 - val_binary_crossentropy: 0.5374 - val_acc: 0.8165
2019-03-03 22:18:07.921634: I tensorflow/core/common_runtime/gpu/gpu_device.cc:1511] Adding visible gpu devices: 0
2019-03-03 22:18:07.921711: I tensorflow/core/common_runtime/gpu/gpu_device.cc:982] Device interconnect StreamExecutor with strength 1 edge matrix:
2019-03-03 22:18:07.921726: I tensorflow/core/common_runtime/gpu/gpu_device.cc:988]      0 
2019-03-03 22:18:07.921733: I tensorflow/core/common_runtime/gpu/gpu_device.cc:1001] 0:   N 
2019-03-03 22:18:07.921881: I tensorflow/core/common_runtime/gpu/gpu_device.cc:1115] Created TensorFlow device (/job:localhost/replica:0/task:0/device:GPU:0 with 10742 MB memory) -> physical GPU (device: 0, name: Tesla K80, pci bus id: 0000:00:04.0, compute capability: 3.7)
start 7 model train
=======   CONFIG:  ('dssm', 'both', [20, 24], 'gensim', 256, [], 116, 8)
=======   CONFIG:  ('dssm', 'both', [20, 24], 'gensim', 256, [], 116, 8)
total iters per cycle(epoch): 1562
Train on 99915 samples, validate on 2562 samples
Epoch 1/116
 - 335s - loss: 0.8095 - binary_crossentropy: 0.5191 - acc: 0.8173 - val_loss: 0.5089 - val_binary_crossentropy: 0.5089 - val_acc: 0.8169
Epoch 2/116
 - 332s - loss: 0.7244 - binary_crossentropy: 0.4634 - acc: 0.8223 - val_loss: 0.4425 - val_binary_crossentropy: 0.4425 - val_acc: 0.8263
Epoch 3/116
 - 332s - loss: 0.6766 - binary_crossentropy: 0.4278 - acc: 0.8299 - val_loss: 0.4637 - val_binary_crossentropy: 0.4637 - val_acc: 0.8271
Epoch 4/116
 - 332s - loss: 0.6310 - binary_crossentropy: 0.3949 - acc: 0.8398 - val_loss: 0.4813 - val_binary_crossentropy: 0.4813 - val_acc: 0.8275
Epoch 5/116
 - 332s - loss: 0.5812 - binary_crossentropy: 0.3603 - acc: 0.8546 - val_loss: 0.4793 - val_binary_crossentropy: 0.4793 - val_acc: 0.8306
Epoch 6/116
 - 332s - loss: 0.5313 - binary_crossentropy: 0.3271 - acc: 0.8701 - val_loss: 0.5004 - val_binary_crossentropy: 0.5004 - val_acc: 0.8415
Epoch 7/116
 - 332s - loss: 0.4841 - binary_crossentropy: 0.2969 - acc: 0.8843 - val_loss: 0.4920 - val_binary_crossentropy: 0.4920 - val_acc: 0.8396
Epoch 8/116
 - 332s - loss: 0.4337 - binary_crossentropy: 0.2646 - acc: 0.8977 - val_loss: 0.5043 - val_binary_crossentropy: 0.5043 - val_acc: 0.8365
Epoch 9/116
 - 332s - loss: 0.3850 - binary_crossentropy: 0.2336 - acc: 0.9112 - val_loss: 0.5710 - val_binary_crossentropy: 0.5710 - val_acc: 0.8365
Epoch 10/116
 - 331s - loss: 0.3436 - binary_crossentropy: 0.2078 - acc: 0.9225 - val_loss: 0.5886 - val_binary_crossentropy: 0.5886 - val_acc: 0.8376
/usr/local/lib/python3.5/dist-packages/tensorflow/python/ops/gradients_impl.py:109: UserWarning: Converting sparse IndexedSlices to a dense Tensor with 123583744 elements. This may consume a large amount of memory.
  num_elements)
