nohup: ignoring input
/usr/local/lib/python3.5/dist-packages/h5py/__init__.py:36: FutureWarning: Conversion of the second argument of issubdtype from `float` to `np.floating` is deprecated. In future, it will be treated as `np.float64 == np.dtype(float).type`.
  from ._conv import register_converters as _register_converters
Using TensorFlow backend.
INFO:starting loading embedding
INFO:loading Word2Vec object from ../model/char2vec_gensim256
DEBUG:{'mode': 'rb', 'kw': {}, 'uri': '../model/char2vec_gensim256'}
INFO:loading wv recursively from ../model/char2vec_gensim256.wv.* with mmap=None
INFO:setting ignored attribute vectors_norm to None
INFO:loading vocabulary recursively from ../model/char2vec_gensim256.vocabulary.* with mmap=None
INFO:loading trainables recursively from ../model/char2vec_gensim256.trainables.* with mmap=None
INFO:setting ignored attribute cum_table to None
INFO:loaded ../model/char2vec_gensim256
INFO:loading Word2Vec object from ../model/word2vec_gensim256
DEBUG:{'mode': 'rb', 'kw': {}, 'uri': '../model/word2vec_gensim256'}
INFO:loading wv recursively from ../model/word2vec_gensim256.wv.* with mmap=None
INFO:loading vectors from ../model/word2vec_gensim256.wv.vectors.npy with mmap=None
INFO:setting ignored attribute vectors_norm to None
INFO:loading vocabulary recursively from ../model/word2vec_gensim256.vocabulary.* with mmap=None
INFO:loading trainables recursively from ../model/word2vec_gensim256.trainables.* with mmap=None
INFO:loading syn1neg from ../model/word2vec_gensim256.trainables.syn1neg.npy with mmap=None
INFO:setting ignored attribute cum_table to None
INFO:loaded ../model/word2vec_gensim256
INFO:end loading embedding
2019-03-05 02:38:21.247534: I tensorflow/core/platform/cpu_feature_guard.cc:141] Your CPU supports instructions that this TensorFlow binary was not compiled to use: AVX2 FMA
2019-03-05 02:38:21.358101: I tensorflow/stream_executor/cuda/cuda_gpu_executor.cc:964] successful NUMA node read from SysFS had negative value (-1), but there must be at least one NUMA node, so returning NUMA node zero
2019-03-05 02:38:21.358667: I tensorflow/core/common_runtime/gpu/gpu_device.cc:1432] Found device 0 with properties: 
name: Tesla K80 major: 3 minor: 7 memoryClockRate(GHz): 0.8235
pciBusID: 0000:00:04.0
totalMemory: 11.17GiB freeMemory: 11.09GiB
2019-03-05 02:38:21.358697: I tensorflow/core/common_runtime/gpu/gpu_device.cc:1511] Adding visible gpu devices: 0
2019-03-05 02:38:21.694902: I tensorflow/core/common_runtime/gpu/gpu_device.cc:982] Device interconnect StreamExecutor with strength 1 edge matrix:
2019-03-05 02:38:21.694971: I tensorflow/core/common_runtime/gpu/gpu_device.cc:988]      0 
2019-03-05 02:38:21.694982: I tensorflow/core/common_runtime/gpu/gpu_device.cc:1001] 0:   N 
2019-03-05 02:38:21.695354: I tensorflow/core/common_runtime/gpu/gpu_device.cc:1115] Created TensorFlow device (/job:localhost/replica:0/task:0/device:GPU:0 with 10742 MB memory) -> physical GPU (device: 0, name: Tesla K80, pci bus id: 0000:00:04.0, compute capability: 3.7)
start 1 model train
=======   CONFIG:  ('siamese', 'char', 24, 'gensim', 256, [100, 80, 64, 64], 97, 8)
=======   CONFIG:  ('siamese', 'char', 24, 'gensim', 256, [100, 80, 64, 64], 97, 8)
total iters per cycle(epoch): 1562
Train on 99915 samples, validate on 2562 samples
Epoch 1/97
 - 244s - loss: 19.7746 - binary_crossentropy: 0.6335 - acc: 0.8166 - val_loss: 0.8335 - val_binary_crossentropy: 0.5221 - val_acc: 0.8169
Epoch 2/97
 - 240s - loss: 1.7112 - binary_crossentropy: 0.6073 - acc: 0.8171 - val_loss: 0.7251 - val_binary_crossentropy: 0.4944 - val_acc: 0.8169
